>> check
MAXCUT 
Iter   PP Objective      DD Objective     PInfeas   DInfeas     Nu     StepLength   Pnrm
----------------------------------------------------------------------------------------
0     5.00000000e+00   -2.75000000e+01    4.2e+00   0.0e+00   2.2e-01  0.00  0.00   0.00 
1    -1.71094527e+01   -2.50331240e+01    3.9e-15   0.0e+00   3.1e-02  1.00  1.00  11.10 
2    -2.40917804e+01   -2.50010311e+01    1.6e-15   0.0e+00   8.5e-04  1.00  1.00  13.04 
3    -2.49754699e+01   -2.50000321e+01    4.2e-17   0.0e+00   2.6e-05  1.00  1.00  13.03 
4    -2.49992356e+01   -2.50000010e+01    1.3e-18   0.0e+00   8.2e-07  1.00  1.00  13.03 
DSDP Converged. 
GPP 
Iter   PP Objective      DD Objective     PInfeas   DInfeas     Nu     StepLength   Pnrm
----------------------------------------------------------------------------------------
0     1.00000000e+10   -2.75000000e+01    4.3e+00   0.0e+00   6.3e+07  0.00  0.00   0.00 
5    -2.47494769e+01   -2.47500164e+01    8.7e-19   0.0e+00   1.9e-06  1.00  1.00   9.65 
DSDP Converged. 
ETP 
Iter   PP Objective      DD Objective     PInfeas   DInfeas     Nu     StepLength   Pnrm
----------------------------------------------------------------------------------------
0     1.00000000e+03   -2.24843191e+10    4.2e+00   2.2e+02   2.2e+10  0.00  0.00   0.00 
5     4.26671087e+07    5.54484314e+00    1.2e-08   0.0e+00   1.8e+04  1.00  1.00   0.00 
10    1.01770138e+01    9.99817429e+00    1.1e-16   0.0e+00   1.9e-04  1.00  1.00  31.12 
13    1.00000069e+01    9.99999989e+00    4.3e-21   0.0e+00   4.5e-08  1.00  0.20  13.72 
DSDP Converged. 
THETA
Iter   PP Objective      DD Objective     PInfeas   DInfeas     Nu     StepLength   Pnrm
----------------------------------------------------------------------------------------
0     1.00000000e+10   -2.00000000e+01    2.0e+00   0.0e+00   3.2e+07  0.00  0.00   0.00 
5    -4.99814021e+00   -5.00000092e+00    3.1e-18   0.0e+00   4.5e-07  1.00  1.00  10.02 
7    -4.99999954e+00   -5.00000000e+00    2.5e-12   0.0e+00   1.5e-09  1.00  0.25   5.45 
DSDP Converged. 
MAXCUT 
Iter   PP Objective      DD Objective     PInfeas   DInfeas     Nu     StepLength   Pnrm
----------------------------------------------------------------------------------------
0     1.10000000e+01   -4.95000000e+01    4.2e+00   0.0e+00   4.0e-01  0.00  0.00   0.00 
1    -1.94320848e+01   -3.39444776e+01    5.6e-14   0.0e+00   4.3e-03  1.00  1.00  2e+03 
2    -1.94320848e+01   -3.37670494e+01    5.6e-14   0.0e+00   1.7e-01  0.06  1.00   0.40 
3    -2.86706069e+01   -3.31497721e+01    1.5e-14   0.0e+00   6.3e-03  1.00  1.00  12.41 
4    -3.29614620e+01   -3.31256320e+01    5.5e-16   0.0e+00   1.7e-04  1.00  1.00  11.95 
5    -3.31204737e+01   -3.31250238e+01    1.5e-17   0.0e+00   5.5e-06  1.00  1.00  16.41 
6    -3.31248561e+01   -3.31250006e+01    4.8e-19   0.0e+00   1.6e-07  1.00  1.00  11.79 
DSDP Converged. 
GPP 
Iter   PP Objective      DD Objective     PInfeas   DInfeas     Nu     StepLength   Pnrm
----------------------------------------------------------------------------------------
0     1.00000000e+10   -4.95000000e+01    4.3e+00   0.0e+00   6.3e+07  0.00  0.00   0.00 
5    -3.25540925e+01   -3.30147739e+01    1.4e-15   0.0e+00   4.0e-03  1.00  1.00   1.35 
8    -3.29998553e+01   -3.30000009e+01    4.7e-19   0.0e+00   2.4e-07  1.00  1.00   7.83 
DSDP Converged. 
ETP 
Iter   PP Objective      DD Objective     PInfeas   DInfeas     Nu     StepLength   Pnrm
----------------------------------------------------------------------------------------
0     1.00000000e+03   -2.28969525e+10    4.2e+00   2.3e+02   2.3e+10  0.00  0.00   0.00 
5     2.52254327e+06    5.87664256e+00    7.6e-10   0.0e+00   1.1e+03  1.00  1.00   0.00 
10    1.01862956e+01    9.99854710e+00    1.1e-16   0.0e+00   2.3e-04  1.00  1.00  11.07 
13    1.00000093e+01    9.99999987e+00    5.6e-21   0.0e+00   5.6e-08  1.00  0.23  10.68 
DSDP Converged. 
THETA
Iter   PP Objective      DD Objective     PInfeas   DInfeas     Nu     StepLength   Pnrm
----------------------------------------------------------------------------------------
0     1.00000000e+10   -2.00000000e+01    2.0e+00   0.0e+00   2.8e+07  0.00  0.00   0.00 
5    -2.99772977e+00   -3.00000051e+00    1.9e-18   0.0e+00   5.4e-07  1.00  1.00   5.94 
7    -2.99999936e+00   -3.00000000e+00    5.4e-22   0.0e+00   1.8e-09  1.00  0.25   3.74 
DSDP Converged. 
CONTROL1
Iter   PP Objective      DD Objective     PInfeas   DInfeas     Nu     StepLength   Pnrm
----------------------------------------------------------------------------------------
0     1.00000000e+10   -3.42355583e+14    2.0e+00   3.4e+06   3.4e+14  0.00  0.00   0.00 
10    1.60299274e+13   -9.26056093e+06    3.7e+05   0.0e+00   5.0e+09  1.00  1.00   0.00 
20   -9.26060336e+00   -1.79475206e+01    5.8e-14   0.0e+00   5.3e-02  0.32  1.00   0.35 
30   -1.77840611e+01   -1.77846629e+01    8.9e-12   0.0e+00   1.5e-06  0.96  1.00   1.19 
32   -1.77846254e+01   -1.77846378e+01    8.9e-12   0.0e+00   6.6e-08  1.00  0.14  13.77 
DSDP Converged. 
ARCH0
Iter   PP Objective      DD Objective     PInfeas   DInfeas     Nu     StepLength   Pnrm
----------------------------------------------------------------------------------------
0     1.00000000e+10   -5.04724818e+15    2.6e+01   5.0e+07   5.0e+15  0.00  0.00   0.00 
10    9.57801451e+10   -2.12615944e+09    5.2e+01   0.0e+00   4.6e+07  1.00  1.00   0.09 
20    1.87046384e+03   -7.98317324e+01    1.8e-12   0.0e+00   2.4e-01  1.00  1.00  22.06 
30   -4.48199192e-01   -5.81142931e-01    6.2e-20   0.0e+00   1.4e-04  1.00  1.00   1.09 
40   -5.66243579e-01   -5.66540629e-01    1.4e-22   0.0e+00   2.4e-07  1.00  1.00   4.98 
48   -5.66515995e-01   -5.66517310e-01    6.5e-25   0.0e+00   7.0e-10  1.00  0.38  16.95 
DSDP Converged. 
